app/build/intermediates/manifest_merge_blame_file/release/manifest-merger-blame-release-report.txt
1<?xml version="1.0" encoding="utf-8"?>
2<manifest xmlns:android="http://schemas.android.com/apk/res/android"
3    package="com.kidssappsong.englishlullaby"
4    android:versionCode="7"
5    android:versionName="1.7" >
6
7    <uses-sdk
8        android:minSdkVersion="21"
8-->src\main\AndroidManifest.xml
9        android:targetSdkVersion="32" />
9-->src\main\AndroidManifest.xml
10
11    <uses-permission android:name="android.permission.INTERNET" />
11-->src\main\AndroidManifest.xml:6:5-67
11-->src\main\AndroidManifest.xml:6:22-64
12    <uses-permission android:name="com.google.android.gms.permission.AD_ID" />
12-->src\main\AndroidManifest.xml:7:5-79
12-->src\main\AndroidManifest.xml:7:22-76
13    <uses-permission android:name="android.permission.ACCESS_NETWORK_STATE" /> <!-- Android package visibility setting -->
13-->[com.google.android.gms:play-services-ads-lite:21.1.0] AndroidManifest.xml:24:5-79
13-->[com.google.android.gms:play-services-ads-lite:21.1.0] AndroidManifest.xml:24:22-76
14    <queries>
14-->[com.google.android.gms:play-services-ads-lite:21.1.0] AndroidManifest.xml:28:5-44:15
15
16        <!-- For browser content -->
17        <intent>
17-->[com.google.android.gms:play-services-ads-lite:21.1.0] AndroidManifest.xml:31:9-37:18
18            <action android:name="android.intent.action.VIEW" />
18-->[com.google.android.gms:play-services-ads-lite:21.1.0] AndroidManifest.xml:32:13-65
18-->[com.google.android.gms:play-services-ads-lite:21.1.0] AndroidManifest.xml:32:21-62
19
20            <category android:name="android.intent.category.BROWSABLE" />
20-->[com.google.android.gms:play-services-ads-lite:21.1.0] AndroidManifest.xml:34:13-74
20-->[com.google.android.gms:play-services-ads-lite:21.1.0] AndroidManifest.xml:34:23-71
21
22            <data android:scheme="https" />
22-->[com.google.android.gms:play-services-ads-lite:21.1.0] AndroidManifest.xml:36:13-44
22-->[com.google.android.gms:play-services-ads-lite:21.1.0] AndroidManifest.xml:36:19-41
23        </intent>
24        <!-- End of browser content -->
25        <!-- For CustomTabsService -->
26        <intent>
26-->[com.google.android.gms:play-services-ads-lite:21.1.0] AndroidManifest.xml:40:9-42:18
27            <action android:name="android.support.customtabs.action.CustomTabsService" />
27-->[com.google.android.gms:play-services-ads-lite:21.1.0] AndroidManifest.xml:41:13-90
27-->[com.google.android.gms:play-services-ads-lite:21.1.0] AndroidManifest.xml:41:21-87
28        </intent>
29        <!-- End of CustomTabsService -->
30    </queries>
31
32    <uses-permission android:name="android.permission.WAKE_LOCK" />
32-->[com.google.android.gms:play-services-measurement-sdk-api:20.1.2] AndroidManifest.xml:25:5-68
32-->[com.google.android.gms:play-services-measurement-sdk-api:20.1.2] AndroidManifest.xml:25:22-65
33    <uses-permission android:name="android.permission.RECEIVE_BOOT_COMPLETED" />
33-->[androidx.work:work-runtime:2.7.0] AndroidManifest.xml:27:5-81
33-->[androidx.work:work-runtime:2.7.0] AndroidManifest.xml:27:22-78
34    <uses-permission android:name="android.permission.FOREGROUND_SERVICE" />
34-->[androidx.work:work-runtime:2.7.0] AndroidManifest.xml:28:5-77
34-->[androidx.work:work-runtime:2.7.0] AndroidManifest.xml:28:22-74
35
36    <application
36-->src\main\AndroidManifest.xml:9:5-48:19
37        android:name="com.kidssappsong.englishlullaby.servisler.ApplicationClass"
37-->src\main\AndroidManifest.xml:10:9-82
38        android:allowBackup="true"
38-->src\main\AndroidManifest.xml:11:9-35
39        android:appComponentFactory="androidx.core.app.CoreComponentFactory"
39-->[androidx.core:core:1.8.0] AndroidManifest.xml:24:18-86
40        android:dataExtractionRules="@xml/data_extraction_rules"
40-->src\main\AndroidManifest.xml:12:9-65
41        android:icon="@mipmap/ic_launcher"
41-->src\main\AndroidManifest.xml:14:9-43
42        android:label="@string/app_name"
42-->src\main\AndroidManifest.xml:13:9-41
43        android:roundIcon="@mipmap/ic_launcher_round"
43-->src\main\AndroidManifest.xml:15:9-54
44        android:screenOrientation="portrait"
44-->src\main\AndroidManifest.xml:16:9-45
45        android:supportsRtl="true"
45-->src\main\AndroidManifest.xml:17:9-35
46        android:theme="@style/Theme.Mp3PlayerDeneme" >
46-->src\main\AndroidManifest.xml:18:9-53
47        <meta-data
47-->src\main\AndroidManifest.xml:20:9-22:59
48            android:name="com.google.android.gms.ads.APPLICATION_ID"
48-->src\main\AndroidManifest.xml:21:13-69
49            android:value="@string/manifest_admob_kodu" />
49-->src\main\AndroidManifest.xml:22:13-56
50
51        <activity
51-->src\main\AndroidManifest.xml:24:9-33:24
52            android:name="com.kidssappsong.englishlullaby.MainActivity"
52-->src\main\AndroidManifest.xml:25:13-72
53            android:exported="true"
53-->src\main\AndroidManifest.xml:26:13-36
54            android:launchMode="singleTask"
54-->src\main\AndroidManifest.xml:28:13-44
55            android:screenOrientation="portrait" >
55-->src\main\AndroidManifest.xml:27:13-49
56            <intent-filter>
56-->src\main\AndroidManifest.xml:29:13-32:29
57                <action android:name="android.intent.action.MAIN" />
57-->src\main\AndroidManifest.xml:30:17-69
57-->src\main\AndroidManifest.xml:30:25-66
58
59                <category android:name="android.intent.category.LAUNCHER" />
59-->src\main\AndroidManifest.xml:31:17-77
59-->src\main\AndroidManifest.xml:31:27-74
60            </intent-filter>
61        </activity>
62
63        <service
63-->src\main\AndroidManifest.xml:34:9-36:38
64            android:name="com.kidssappsong.englishlullaby.servisler.MusicService"
64-->src\main\AndroidManifest.xml:35:13-82
65            android:enabled="true" />
65-->src\main\AndroidManifest.xml:36:13-35
66
67        <receiver
67-->src\main\AndroidManifest.xml:38:9-47:20
68            android:name="com.kidssappsong.englishlullaby.servisler.NotificationReceiver"
68-->src\main\AndroidManifest.xml:39:13-90
69            android:enabled="true"
69-->src\main\AndroidManifest.xml:40:13-35
70            android:exported="true" >
70-->src\main\AndroidManifest.xml:41:13-36
71            <intent-filter>
71-->src\main\AndroidManifest.xml:42:13-46:29
72                <action android:name="actionprevius" />
72-->src\main\AndroidManifest.xml:43:17-56
72-->src\main\AndroidManifest.xml:43:25-53
73                <action android:name="actionnext" />
73-->src\main\AndroidManifest.xml:44:17-53
73-->src\main\AndroidManifest.xml:44:25-50
74                <action android:name="actionplay" />
74-->src\main\AndroidManifest.xml:45:17-53
74-->src\main\AndroidManifest.xml:45:25-50
75            </intent-filter>
76        </receiver>
77        <!-- Include the AdActivity and InAppPurchaseActivity configChanges and themes. -->
78        <activity
78-->[com.google.android.gms:play-services-ads-lite:21.1.0] AndroidManifest.xml:49:9-53:64
79            android:name="com.google.android.gms.ads.AdActivity"
79-->[com.google.android.gms:play-services-ads-lite:21.1.0] AndroidManifest.xml:50:13-65
80            android:configChanges="keyboard|keyboardHidden|orientation|screenLayout|uiMode|screenSize|smallestScreenSize"
80-->[com.google.android.gms:play-services-ads-lite:21.1.0] AndroidManifest.xml:51:13-122
81            android:exported="false"
81-->[com.google.android.gms:play-services-ads-lite:21.1.0] AndroidManifest.xml:52:13-37
82            android:theme="@android:style/Theme.Translucent" />
82-->[com.google.android.gms:play-services-ads-lite:21.1.0] AndroidManifest.xml:53:13-61
83
84        <provider
84-->[com.google.android.gms:play-services-ads-lite:21.1.0] AndroidManifest.xml:55:9-59:39
85            android:name="com.google.android.gms.ads.MobileAdsInitProvider"
85-->[com.google.android.gms:play-services-ads-lite:21.1.0] AndroidManifest.xml:56:13-76
86            android:authorities="com.kidssappsong.englishlullaby.mobileadsinitprovider"
86-->[com.google.android.gms:play-services-ads-lite:21.1.0] AndroidManifest.xml:57:13-73
87            android:exported="false"
87-->[com.google.android.gms:play-services-ads-lite:21.1.0] AndroidManifest.xml:58:13-37
88            android:initOrder="100" />
88-->[com.google.android.gms:play-services-ads-lite:21.1.0] AndroidManifest.xml:59:13-36
89
90        <service
90-->[com.google.android.gms:play-services-ads-lite:21.1.0] AndroidManifest.xml:61:9-64:40
91            android:name="com.google.android.gms.ads.AdService"
91-->[com.google.android.gms:play-services-ads-lite:21.1.0] AndroidManifest.xml:62:13-64
92            android:enabled="true"
92-->[com.google.android.gms:play-services-ads-lite:21.1.0] AndroidManifest.xml:63:13-35
93            android:exported="false" />
93-->[com.google.android.gms:play-services-ads-lite:21.1.0] AndroidManifest.xml:64:13-37
94
95        <activity
95-->[com.google.android.gms:play-services-base:18.0.0] AndroidManifest.xml:20:9-22:45
96            android:name="com.google.android.gms.common.api.GoogleApiActivity"
96-->[com.google.android.gms:play-services-base:18.0.0] AndroidManifest.xml:20:19-85
97            android:exported="false"
97-->[com.google.android.gms:play-services-base:18.0.0] AndroidManifest.xml:22:19-43
98            android:theme="@android:style/Theme.Translucent.NoTitleBar" />
98-->[com.google.android.gms:play-services-base:18.0.0] AndroidManifest.xml:21:19-78
99
100        <meta-data
100-->[com.google.android.gms:play-services-basement:18.0.0] AndroidManifest.xml:21:9-23:69
101            android:name="com.google.android.gms.version"
101-->[com.google.android.gms:play-services-basement:18.0.0] AndroidManifest.xml:22:13-58
102            android:value="@integer/google_play_services_version" />
102-->[com.google.android.gms:play-services-basement:18.0.0] AndroidManifest.xml:23:13-66
103
104        <provider
104-->[androidx.emoji2:emoji2:1.2.0] AndroidManifest.xml:24:9-32:20
105            android:name="androidx.startup.InitializationProvider"
105-->[androidx.emoji2:emoji2:1.2.0] AndroidManifest.xml:25:13-67
106            android:authorities="com.kidssappsong.englishlullaby.androidx-startup"
106-->[androidx.emoji2:emoji2:1.2.0] AndroidManifest.xml:26:13-68
107            android:exported="false" >
107-->[androidx.emoji2:emoji2:1.2.0] AndroidManifest.xml:27:13-37
108            <meta-data
108-->[androidx.emoji2:emoji2:1.2.0] AndroidManifest.xml:29:13-31:52
109                android:name="androidx.emoji2.text.EmojiCompatInitializer"
109-->[androidx.emoji2:emoji2:1.2.0] AndroidManifest.xml:30:17-75
110                android:value="androidx.startup" />
110-->[androidx.emoji2:emoji2:1.2.0] AndroidManifest.xml:31:17-49
111            <meta-data
111-->[androidx.work:work-runtime:2.7.0] AndroidManifest.xml:36:13-38:52
112                android:name="androidx.work.WorkManagerInitializer"
112-->[androidx.work:work-runtime:2.7.0] AndroidManifest.xml:37:17-68
113                android:value="androidx.startup" />
113-->[androidx.work:work-runtime:2.7.0] AndroidManifest.xml:38:17-49
114            <meta-data
114-->[androidx.lifecycle:lifecycle-process:2.4.1] AndroidManifest.xml:31:13-33:52
115                android:name="androidx.lifecycle.ProcessLifecycleInitializer"
115-->[androidx.lifecycle:lifecycle-process:2.4.1] AndroidManifest.xml:32:17-78
116                android:value="androidx.startup" />
116-->[androidx.lifecycle:lifecycle-process:2.4.1] AndroidManifest.xml:33:17-49
117            <meta-data
117-->[androidx.profileinstaller:profileinstaller:1.0.1] AndroidManifest.xml:31:13-33:52
118                android:name="androidx.profileinstaller.ProfileInstallerInitializer"
118-->[androidx.profileinstaller:profileinstaller:1.0.1] AndroidManifest.xml:32:17-85
119                android:value="androidx.startup" />
119-->[androidx.profileinstaller:profileinstaller:1.0.1] AndroidManifest.xml:33:17-49
120        </provider>
121
122        <service
122-->[androidx.work:work-runtime:2.7.0] AndroidManifest.xml:41:9-46:35
123            android:name="androidx.work.impl.background.systemalarm.SystemAlarmService"
123-->[androidx.work:work-runtime:2.7.0] AndroidManifest.xml:42:13-88
124            android:directBootAware="false"
124-->[androidx.work:work-runtime:2.7.0] AndroidManifest.xml:43:13-44
125            android:enabled="@bool/enable_system_alarm_service_default"
125-->[androidx.work:work-runtime:2.7.0] AndroidManifest.xml:44:13-72
126            android:exported="false" />
126-->[androidx.work:work-runtime:2.7.0] AndroidManifest.xml:45:13-37
127        <service
127-->[androidx.work:work-runtime:2.7.0] AndroidManifest.xml:47:9-53:35
128            android:name="androidx.work.impl.background.systemjob.SystemJobService"
128-->[androidx.work:work-runtime:2.7.0] AndroidManifest.xml:48:13-84
129            android:directBootAware="false"
129-->[androidx.work:work-runtime:2.7.0] AndroidManifest.xml:49:13-44
130            android:enabled="@bool/enable_system_job_service_default"
130-->[androidx.work:work-runtime:2.7.0] AndroidManifest.xml:50:13-70
131            android:exported="true"
131-->[androidx.work:work-runtime:2.7.0] AndroidManifest.xml:51:13-36
132            android:permission="android.permission.BIND_JOB_SERVICE" />
132-->[androidx.work:work-runtime:2.7.0] AndroidManifest.xml:52:13-69
133        <service
133-->[androidx.work:work-runtime:2.7.0] AndroidManifest.xml:54:9-59:35
134            android:name="androidx.work.impl.foreground.SystemForegroundService"
134-->[androidx.work:work-runtime:2.7.0] AndroidManifest.xml:55:13-81
135            android:directBootAware="false"
135-->[androidx.work:work-runtime:2.7.0] AndroidManifest.xml:56:13-44
136            android:enabled="@bool/enable_system_foreground_service_default"
136-->[androidx.work:work-runtime:2.7.0] AndroidManifest.xml:57:13-77
137            android:exported="false" />
137-->[androidx.work:work-runtime:2.7.0] AndroidManifest.xml:58:13-37
138
139        <receiver
139-->[androidx.work:work-runtime:2.7.0] AndroidManifest.xml:61:9-66:35
140            android:name="androidx.work.impl.utils.ForceStopRunnable$BroadcastReceiver"
140-->[androidx.work:work-runtime:2.7.0] AndroidManifest.xml:62:13-88
141            android:directBootAware="false"
141-->[androidx.work:work-runtime:2.7.0] AndroidManifest.xml:63:13-44
142            android:enabled="true"
142-->[androidx.work:work-runtime:2.7.0] AndroidManifest.xml:64:13-35
143            android:exported="false" />
143-->[androidx.work:work-runtime:2.7.0] AndroidManifest.xml:65:13-37
144        <receiver
144-->[androidx.work:work-runtime:2.7.0] AndroidManifest.xml:67:9-77:20
145            android:name="androidx.work.impl.background.systemalarm.ConstraintProxy$BatteryChargingProxy"
145-->[androidx.work:work-runtime:2.7.0] AndroidManifest.xml:68:13-106
146            android:directBootAware="false"
146-->[androidx.work:work-runtime:2.7.0] AndroidManifest.xml:69:13-44
147            android:enabled="false"
147-->[androidx.work:work-runtime:2.7.0] AndroidManifest.xml:70:13-36
148            android:exported="false" >
148-->[androidx.work:work-runtime:2.7.0] AndroidManifest.xml:71:13-37
149            <intent-filter>
149-->[androidx.work:work-runtime:2.7.0] AndroidManifest.xml:73:13-76:29
150                <action android:name="android.intent.action.ACTION_POWER_CONNECTED" />
150-->[androidx.work:work-runtime:2.7.0] AndroidManifest.xml:74:17-87
150-->[androidx.work:work-runtime:2.7.0] AndroidManifest.xml:74:25-84
151                <action android:name="android.intent.action.ACTION_POWER_DISCONNECTED" />
151-->[androidx.work:work-runtime:2.7.0] AndroidManifest.xml:75:17-90
151-->[androidx.work:work-runtime:2.7.0] AndroidManifest.xml:75:25-87
152            </intent-filter>
153        </receiver>
154        <receiver
154-->[androidx.work:work-runtime:2.7.0] AndroidManifest.xml:78:9-88:20
155            android:name="androidx.work.impl.background.systemalarm.ConstraintProxy$BatteryNotLowProxy"
155-->[androidx.work:work-runtime:2.7.0] AndroidManifest.xml:79:13-104
156            android:directBootAware="false"
156-->[androidx.work:work-runtime:2.7.0] AndroidManifest.xml:80:13-44
157            android:enabled="false"
157-->[androidx.work:work-runtime:2.7.0] AndroidManifest.xml:81:13-36
158            android:exported="false" >
158-->[androidx.work:work-runtime:2.7.0] AndroidManifest.xml:82:13-37
159            <intent-filter>
159-->[androidx.work:work-runtime:2.7.0] AndroidManifest.xml:84:13-87:29
160                <action android:name="android.intent.action.BATTERY_OKAY" />
160-->[androidx.work:work-runtime:2.7.0] AndroidManifest.xml:85:17-77
160-->[androidx.work:work-runtime:2.7.0] AndroidManifest.xml:85:25-74
161                <action android:name="android.intent.action.BATTERY_LOW" />
161-->[androidx.work:work-runtime:2.7.0] AndroidManifest.xml:86:17-76
161-->[androidx.work:work-runtime:2.7.0] AndroidManifest.xml:86:25-73
162            </intent-filter>
163        </receiver>
164        <receiver
164-->[androidx.work:work-runtime:2.7.0] AndroidManifest.xml:89:9-99:20
165            android:name="androidx.work.impl.background.systemalarm.ConstraintProxy$StorageNotLowProxy"
165-->[androidx.work:work-runtime:2.7.0] AndroidManifest.xml:90:13-104
166            android:directBootAware="false"
166-->[androidx.work:work-runtime:2.7.0] AndroidManifest.xml:91:13-44
167            android:enabled="false"
167-->[androidx.work:work-runtime:2.7.0] AndroidManifest.xml:92:13-36
168            android:exported="false" >
168-->[androidx.work:work-runtime:2.7.0] AndroidManifest.xml:93:13-37
169            <intent-filter>
169-->[androidx.work:work-runtime:2.7.0] AndroidManifest.xml:95:13-98:29
170                <action android:name="android.intent.action.DEVICE_STORAGE_LOW" />
170-->[androidx.work:work-runtime:2.7.0] AndroidManifest.xml:96:17-83
170-->[androidx.work:work-runtime:2.7.0] AndroidManifest.xml:96:25-80
171                <action android:name="android.intent.action.DEVICE_STORAGE_OK" />
171-->[androidx.work:work-runtime:2.7.0] AndroidManifest.xml:97:17-82
171-->[androidx.work:work-runtime:2.7.0] AndroidManifest.xml:97:25-79
172            </intent-filter>
173        </receiver>
174        <receiver
174-->[androidx.work:work-runtime:2.7.0] AndroidManifest.xml:100:9-109:20
175            android:name="androidx.work.impl.background.systemalarm.ConstraintProxy$NetworkStateProxy"
175-->[androidx.work:work-runtime:2.7.0] AndroidManifest.xml:101:13-103
176            android:directBootAware="false"
176-->[androidx.work:work-runtime:2.7.0] AndroidManifest.xml:102:13-44
177            android:enabled="false"
177-->[androidx.work:work-runtime:2.7.0] AndroidManifest.xml:103:13-36
178            android:exported="false" >
178-->[androidx.work:work-runtime:2.7.0] AndroidManifest.xml:104:13-37
179            <intent-filter>
179-->[androidx.work:work-runtime:2.7.0] AndroidManifest.xml:106:13-108:29
180                <action android:name="android.net.conn.CONNECTIVITY_CHANGE" />
180-->[androidx.work:work-runtime:2.7.0] AndroidManifest.xml:107:17-79
180-->[androidx.work:work-runtime:2.7.0] AndroidManifest.xml:107:25-76
181            </intent-filter>
182        </receiver>
183        <receiver
183-->[androidx.work:work-runtime:2.7.0] AndroidManifest.xml:110:9-121:20
184            android:name="androidx.work.impl.background.systemalarm.RescheduleReceiver"
184-->[androidx.work:work-runtime:2.7.0] AndroidManifest.xml:111:13-88
185            android:directBootAware="false"
185-->[androidx.work:work-runtime:2.7.0] AndroidManifest.xml:112:13-44
186            android:enabled="false"
186-->[androidx.work:work-runtime:2.7.0] AndroidManifest.xml:113:13-36
187            android:exported="false" >
187-->[androidx.work:work-runtime:2.7.0] AndroidManifest.xml:114:13-37
188            <intent-filter>
188-->[androidx.work:work-runtime:2.7.0] AndroidManifest.xml:116:13-120:29
189                <action android:name="android.intent.action.BOOT_COMPLETED" />
189-->[androidx.work:work-runtime:2.7.0] AndroidManifest.xml:117:17-79
189-->[androidx.work:work-runtime:2.7.0] AndroidManifest.xml:117:25-76
190                <action android:name="android.intent.action.TIME_SET" />
190-->[androidx.work:work-runtime:2.7.0] AndroidManifest.xml:118:17-73
190-->[androidx.work:work-runtime:2.7.0] AndroidManifest.xml:118:25-70
191                <action android:name="android.intent.action.TIMEZONE_CHANGED" />
191-->[androidx.work:work-runtime:2.7.0] AndroidManifest.xml:119:17-81
191-->[androidx.work:work-runtime:2.7.0] AndroidManifest.xml:119:25-78
192            </intent-filter>
193        </receiver>
194        <receiver
194-->[androidx.work:work-runtime:2.7.0] AndroidManifest.xml:122:9-131:20
195            android:name="androidx.work.impl.background.systemalarm.ConstraintProxyUpdateReceiver"
195-->[androidx.work:work-runtime:2.7.0] AndroidManifest.xml:123:13-99
196            android:directBootAware="false"
196-->[androidx.work:work-runtime:2.7.0] AndroidManifest.xml:124:13-44
197            android:enabled="@bool/enable_system_alarm_service_default"
197-->[androidx.work:work-runtime:2.7.0] AndroidManifest.xml:125:13-72
198            android:exported="false" >
198-->[androidx.work:work-runtime:2.7.0] AndroidManifest.xml:126:13-37
199            <intent-filter>
199-->[androidx.work:work-runtime:2.7.0] AndroidManifest.xml:128:13-130:29
200                <action android:name="androidx.work.impl.background.systemalarm.UpdateProxies" />
200-->[androidx.work:work-runtime:2.7.0] AndroidManifest.xml:129:17-98
200-->[androidx.work:work-runtime:2.7.0] AndroidManifest.xml:129:25-95
201            </intent-filter>
202        </receiver>
203        <receiver
203-->[androidx.work:work-runtime:2.7.0] AndroidManifest.xml:132:9-142:20
204            android:name="androidx.work.impl.diagnostics.DiagnosticsReceiver"
204-->[androidx.work:work-runtime:2.7.0] AndroidManifest.xml:133:13-78
205            android:directBootAware="false"
205-->[androidx.work:work-runtime:2.7.0] AndroidManifest.xml:134:13-44
206            android:enabled="true"
206-->[androidx.work:work-runtime:2.7.0] AndroidManifest.xml:135:13-35
207            android:exported="true"
207-->[androidx.work:work-runtime:2.7.0] AndroidManifest.xml:136:13-36
208            android:permission="android.permission.DUMP" >
208-->[androidx.work:work-runtime:2.7.0] AndroidManifest.xml:137:13-57
209            <intent-filter>
209-->[androidx.work:work-runtime:2.7.0] AndroidManifest.xml:139:13-141:29
210                <action android:name="androidx.work.diagnostics.REQUEST_DIAGNOSTICS" />
210-->[androidx.work:work-runtime:2.7.0] AndroidManifest.xml:140:17-88
210-->[androidx.work:work-runtime:2.7.0] AndroidManifest.xml:140:25-85
211            </intent-filter>
212        </receiver>
213
214        <uses-library
214-->[androidx.window:window:1.0.0] AndroidManifest.xml:25:9-27:40
215            android:name="androidx.window.extensions"
215-->[androidx.window:window:1.0.0] AndroidManifest.xml:26:13-54
216            android:required="false" />
216-->[androidx.window:window:1.0.0] AndroidManifest.xml:27:13-37
217        <uses-library
217-->[androidx.window:window:1.0.0] AndroidManifest.xml:28:9-30:40
218            android:name="androidx.window.sidecar"
218-->[androidx.window:window:1.0.0] AndroidManifest.xml:29:13-51
219            android:required="false" />
219-->[androidx.window:window:1.0.0] AndroidManifest.xml:30:13-37
220
221        <receiver
221-->[androidx.profileinstaller:profileinstaller:1.0.1] AndroidManifest.xml:36:9-45:20
222            android:name="androidx.profileinstaller.ProfileInstallReceiver"
222-->[androidx.profileinstaller:profileinstaller:1.0.1] AndroidManifest.xml:37:13-76
223            android:directBootAware="false"
223-->[androidx.profileinstaller:profileinstaller:1.0.1] AndroidManifest.xml:38:13-44
224            android:enabled="true"
224-->[androidx.profileinstaller:profileinstaller:1.0.1] AndroidManifest.xml:39:13-35
225            android:exported="true"
225-->[androidx.profileinstaller:profileinstaller:1.0.1] AndroidManifest.xml:40:13-36
226            android:permission="android.permission.DUMP" >
226-->[androidx.profileinstaller:profileinstaller:1.0.1] AndroidManifest.xml:41:13-57
227            <intent-filter>
227-->[androidx.profileinstaller:profileinstaller:1.0.1] AndroidManifest.xml:42:13-44:29
228                <action android:name="androidx.profileinstaller.action.INSTALL_PROFILE" />
228-->[androidx.profileinstaller:profileinstaller:1.0.1] AndroidManifest.xml:43:17-91
228-->[androidx.profileinstaller:profileinstaller:1.0.1] AndroidManifest.xml:43:25-88
229            </intent-filter>
230        </receiver>
231
232        <service
232-->[androidx.room:room-runtime:2.2.5] AndroidManifest.xml:25:9-28:40
233            android:name="androidx.room.MultiInstanceInvalidationService"
233-->[androidx.room:room-runtime:2.2.5] AndroidManifest.xml:26:13-74
234            android:directBootAware="true"
234-->[androidx.room:room-runtime:2.2.5] AndroidManifest.xml:27:13-43
235            android:exported="false" /> <!-- The activities will be merged into the manifest of the hosting app. -->
235-->[androidx.room:room-runtime:2.2.5] AndroidManifest.xml:28:13-37
236        <activity
236-->[com.google.android.play:core:1.10.3] AndroidManifest.xml:18:9-24:45
237            android:name="com.google.android.play.core.missingsplits.PlayCoreMissingSplitsActivity"
237-->[com.google.android.play:core:1.10.3] AndroidManifest.xml:19:13-100
238            android:enabled="false"
238-->[com.google.android.play:core:1.10.3] AndroidManifest.xml:20:13-36
239            android:exported="false"
239-->[com.google.android.play:core:1.10.3] AndroidManifest.xml:21:13-37
240            android:launchMode="singleInstance"
240-->[com.google.android.play:core:1.10.3] AndroidManifest.xml:22:13-48
241            android:process=":playcore_missing_splits_activity"
241-->[com.google.android.play:core:1.10.3] AndroidManifest.xml:23:13-64
242            android:stateNotNeeded="true" />
242-->[com.google.android.play:core:1.10.3] AndroidManifest.xml:24:13-42
243        <activity
243-->[com.google.android.play:core:1.10.3] AndroidManifest.xml:25:9-29:65
244            android:name="com.google.android.play.core.common.PlayCoreDialogWrapperActivity"
244-->[com.google.android.play:core:1.10.3] AndroidManifest.xml:26:13-93
245            android:exported="false"
245-->[com.google.android.play:core:1.10.3] AndroidManifest.xml:27:13-37
246            android:stateNotNeeded="true"
246-->[com.google.android.play:core:1.10.3] AndroidManifest.xml:28:13-42
247            android:theme="@style/Theme.PlayCore.Transparent" /> <!-- The services will be merged into the manifest of the hosting app. -->
247-->[com.google.android.play:core:1.10.3] AndroidManifest.xml:29:13-62
248        <service
248-->[com.google.android.play:core:1.10.3] AndroidManifest.xml:32:9-39:19
249            android:name="com.google.android.play.core.assetpacks.AssetPackExtractionService"
249-->[com.google.android.play:core:1.10.3] AndroidManifest.xml:33:13-94
250            android:enabled="false"
250-->[com.google.android.play:core:1.10.3] AndroidManifest.xml:34:13-36
251            android:exported="true" >
251-->[com.google.android.play:core:1.10.3] AndroidManifest.xml:35:13-36
252            <meta-data
252-->[com.google.android.play:core:1.10.3] AndroidManifest.xml:36:13-38:41
253                android:name="com.google.android.play.core.assetpacks.versionCode"
253-->[com.google.android.play:core:1.10.3] AndroidManifest.xml:37:17-83
254                android:value="11003" />
254-->[com.google.android.play:core:1.10.3] AndroidManifest.xml:38:17-38
255        </service>
256        <service
256-->[com.google.android.play:core:1.10.3] AndroidManifest.xml:40:9-43:40
257            android:name="com.google.android.play.core.assetpacks.ExtractionForegroundService"
257-->[com.google.android.play:core:1.10.3] AndroidManifest.xml:41:13-95
258            android:enabled="false"
258-->[com.google.android.play:core:1.10.3] AndroidManifest.xml:42:13-36
259            android:exported="false" />
259-->[com.google.android.play:core:1.10.3] AndroidManifest.xml:43:13-37
260    </application>
261
262</manifest>